<html>
<head>
<title>TestNG:  UnitTestingTestSuite</title>
<link href="../testng.css" rel="stylesheet" type="text/css" />
<link href="../my-testng.css" rel="stylesheet" type="text/css" />

<style type="text/css">
.log { display: none;} 
.stack-trace { display: none;} 
</style>
<script type="text/javascript">
<!--
function flip(e) {
  current = e.style.display;
  if (current == 'block') {
    e.style.display = 'none';
    return 0;
  }
  else {
    e.style.display = 'block';
    return 1;
  }
}

function toggleBox(szDivId, elem, msg1, msg2)
{
  var res = -1;  if (document.getElementById) {
    res = flip(document.getElementById(szDivId));
  }
  else if (document.all) {
    // this is the way old msie versions work
    res = flip(document.all[szDivId]);
  }
  if(elem) {
    if(res == 0) elem.innerHTML = msg1; else elem.innerHTML = msg2;
  }

}

function toggleAllBoxes() {
  if (document.getElementsByTagName) {
    d = document.getElementsByTagName('div');
    for (i = 0; i < d.length; i++) {
      if (d[i].className == 'log') {
        flip(d[i]);
      }
    }
  }
}

// -->
</script>

</head>
<body>
<h2 align='center'>UnitTestingTestSuite</h2><table border='1' align="center">
<tr>
<td>Tests passed/Failed/Skipped:</td><td>32/2/1</td>
</tr><tr>
<td>Started on:</td><td>Sat Oct 22 08:51:26 IST 2022</td>
</tr>
<tr><td>Total time:</td><td>13 seconds (13740 ms)</td>
</tr><tr>
<td>Included groups:</td><td></td>
</tr><tr>
<td>Excluded groups:</td><td></td>
</tr>
</table><p/>
<small><i>(Hover the method name to see the test class name)</i></small><p/>
<table width='100%' border='1' class='invocation-failed'>
<tr><td colspan='4' align='center'><b>FAILED TESTS</b></td></tr>
<tr><td><b>Test method</b></td>
<td width="30%"><b>Exception</b></td>
<td width="10%"><b>Time (seconds)</b></td>
<td><b>Instance</b></td>
</tr>
<tr>
<td title='basictestng.Actitime_DependsOn.openBrowserAndAppURL()'><b>openBrowserAndAppURL</b><br>Test class: basictestng.Actitime_DependsOn</td>
<td><div><pre>java.lang.ArithmeticException: / by zero
	at basictestng.Actitime_DependsOn.openBrowserAndAppURL(Actitime_DependsOn.java:7)
... Removed 25 stack frames</pre></div><a href='#' onClick='toggleBox("stack-trace317960117", this, "Click to show all stack frames", "Click to hide stack frames")'>Click to show all stack frames</a>
<div class='stack-trace' id='stack-trace317960117'><pre>java.lang.ArithmeticException: / by zero
	at basictestng.Actitime_DependsOn.openBrowserAndAppURL(Actitime_DependsOn.java:7)
	at java.base/jdk.internal.reflect.NativeMethodAccessorImpl.invoke0(Native Method)
	at java.base/jdk.internal.reflect.NativeMethodAccessorImpl.invoke(NativeMethodAccessorImpl.java:77)
	at java.base/jdk.internal.reflect.DelegatingMethodAccessorImpl.invoke(DelegatingMethodAccessorImpl.java:43)
	at java.base/java.lang.reflect.Method.invoke(Method.java:568)
	at org.testng.internal.MethodInvocationHelper.invokeMethod(MethodInvocationHelper.java:124)
	at org.testng.internal.Invoker.invokeMethod(Invoker.java:583)
	at org.testng.internal.Invoker.invokeTestMethod(Invoker.java:719)
	at org.testng.internal.Invoker.invokeTestMethods(Invoker.java:989)
	at org.testng.internal.TestMethodWorker.invokeTestMethods(TestMethodWorker.java:125)
	at org.testng.internal.TestMethodWorker.run(TestMethodWorker.java:109)
	at org.testng.TestRunner.privateRun(TestRunner.java:648)
	at org.testng.TestRunner.run(TestRunner.java:505)
	at org.testng.SuiteRunner.runTest(SuiteRunner.java:455)
	at org.testng.SuiteRunner.runSequentially(SuiteRunner.java:450)
	at org.testng.SuiteRunner.privateRun(SuiteRunner.java:415)
	at org.testng.SuiteRunner.run(SuiteRunner.java:364)
	at org.testng.SuiteRunnerWorker.runSuite(SuiteRunnerWorker.java:52)
	at org.testng.SuiteRunnerWorker.run(SuiteRunnerWorker.java:84)
	at org.testng.TestNG.runSuitesSequentially(TestNG.java:1208)
	at org.testng.TestNG.runSuitesLocally(TestNG.java:1137)
	at org.testng.TestNG.runSuites(TestNG.java:1049)
	at org.testng.TestNG.run(TestNG.java:1017)
	at org.testng.remote.AbstractRemoteTestNG.run(AbstractRemoteTestNG.java:115)
	at org.testng.remote.RemoteTestNG.initAndRun(RemoteTestNG.java:251)
	at org.testng.remote.RemoteTestNG.main(RemoteTestNG.java:77)
</pre></div></td>
<td>0</td>
<td>basictestng.Actitime_DependsOn@60d8c9b7</td></tr>
<tr>
<td title='basictestng.Actitime_Timeout.openBrowserAndAppURL()'><b>openBrowserAndAppURL</b><br>Test class: basictestng.Actitime_Timeout</td>
<td><div><pre>org.testng.internal.thread.ThreadTimeoutException: Method basictestng.Actitime_Timeout.openBrowserAndAppURL() didn&apos;t finish within the time-out 200
</pre></div><a href='#' onClick='toggleBox("stack-trace54176060", this, "Click to show all stack frames", "Click to hide stack frames")'>Click to show all stack frames</a>
<div class='stack-trace' id='stack-trace54176060'><pre>org.testng.internal.thread.ThreadTimeoutException: Method basictestng.Actitime_Timeout.openBrowserAndAppURL() didn&apos;t finish within the time-out 200
</pre></div></td>
<td>0</td>
<td>basictestng.Actitime_Timeout@433d61fb</td></tr>
</table><p>
<table width='100%' border='1' class='invocation-passed'>
<tr><td colspan='4' align='center'><b>PASSED TESTS</b></td></tr>
<tr><td><b>Test method</b></td>
<td width="30%"><b>Exception</b></td>
<td width="10%"><b>Time (seconds)</b></td>
<td><b>Instance</b></td>
</tr>
<tr>
<td title='basictestng.Actitime.a_openBrowserAndAppURL()'><b>a_openBrowserAndAppURL</b><br>Test class: basictestng.Actitime</td>
<td></td>
<td>7</td>
<td>basictestng.Actitime@3967e60c</td></tr>
<tr>
<td title='basictestng.Sample4.a_signUp()'><b>a_signUp</b><br>Test class: basictestng.Sample4</td>
<td></td>
<td>0</td>
<td>basictestng.Sample4@78e117e3</td></tr>
<tr>
<td title='basictestng.Actitime.b_login()'><b>b_login</b><br>Test class: basictestng.Actitime</td>
<td></td>
<td>0</td>
<td>basictestng.Actitime@3967e60c</td></tr>
<tr>
<td title='basictestng.Sample4.b_login()'><b>b_login</b><br>Test class: basictestng.Sample4</td>
<td></td>
<td>0</td>
<td>basictestng.Sample4@78e117e3</td></tr>
<tr>
<td title='basictestng.Sample4.c_compose()'><b>c_compose</b><br>Test class: basictestng.Sample4</td>
<td></td>
<td>0</td>
<td>basictestng.Sample4@78e117e3</td></tr>
<tr>
<td title='basictestng.Actitime.c_createTask()'><b>c_createTask</b><br>Test class: basictestng.Actitime</td>
<td></td>
<td>0</td>
<td>basictestng.Actitime@3967e60c</td></tr>
<tr>
<td title='basictestng.Sample3.compose()'><b>compose</b><br>Test class: basictestng.Sample3</td>
<td></td>
<td>0</td>
<td>basictestng.Sample3@1534f01b</td></tr>
<tr>
<td title='basictestng.Actitime_DependsOn.createTask()'><b>createTask</b><br>Test class: basictestng.Actitime_DependsOn</td>
<td></td>
<td>0</td>
<td>basictestng.Actitime_DependsOn@60d8c9b7</td></tr>
<tr>
<td title='basictestng.Actitime_Enabled.createTask()'><b>createTask</b><br>Test class: basictestng.Actitime_Enabled</td>
<td></td>
<td>0</td>
<td>basictestng.Actitime_Enabled@48aaecc3</td></tr>
<tr>
<td title='basictestng.Actitime.d_logoutClose()'><b>d_logoutClose</b><br>Test class: basictestng.Actitime</td>
<td></td>
<td>0</td>
<td>basictestng.Actitime@3967e60c</td></tr>
<tr>
<td title='basictestng.Actitime_ExceptionAndTimeout.dividedByZeroExample1()'><b>dividedByZeroExample1</b><br>Test class: basictestng.Actitime_ExceptionAndTimeout</td>
<td><div><pre>java.lang.ArithmeticException: / by zero
	at basictestng.Actitime_ExceptionAndTimeout.dividedByZeroExample1(Actitime_ExceptionAndTimeout.java:14)
... Removed 25 stack frames</pre></div><a href='#' onClick='toggleBox("stack-trace984567559", this, "Click to show all stack frames", "Click to hide stack frames")'>Click to show all stack frames</a>
<div class='stack-trace' id='stack-trace984567559'><pre>java.lang.ArithmeticException: / by zero
	at basictestng.Actitime_ExceptionAndTimeout.dividedByZeroExample1(Actitime_ExceptionAndTimeout.java:14)
	at java.base/jdk.internal.reflect.NativeMethodAccessorImpl.invoke0(Native Method)
	at java.base/jdk.internal.reflect.NativeMethodAccessorImpl.invoke(NativeMethodAccessorImpl.java:77)
	at java.base/jdk.internal.reflect.DelegatingMethodAccessorImpl.invoke(DelegatingMethodAccessorImpl.java:43)
	at java.base/java.lang.reflect.Method.invoke(Method.java:568)
	at org.testng.internal.MethodInvocationHelper.invokeMethod(MethodInvocationHelper.java:124)
	at org.testng.internal.Invoker.invokeMethod(Invoker.java:583)
	at org.testng.internal.Invoker.invokeTestMethod(Invoker.java:719)
	at org.testng.internal.Invoker.invokeTestMethods(Invoker.java:989)
	at org.testng.internal.TestMethodWorker.invokeTestMethods(TestMethodWorker.java:125)
	at org.testng.internal.TestMethodWorker.run(TestMethodWorker.java:109)
	at org.testng.TestRunner.privateRun(TestRunner.java:648)
	at org.testng.TestRunner.run(TestRunner.java:505)
	at org.testng.SuiteRunner.runTest(SuiteRunner.java:455)
	at org.testng.SuiteRunner.runSequentially(SuiteRunner.java:450)
	at org.testng.SuiteRunner.privateRun(SuiteRunner.java:415)
	at org.testng.SuiteRunner.run(SuiteRunner.java:364)
	at org.testng.SuiteRunnerWorker.runSuite(SuiteRunnerWorker.java:52)
	at org.testng.SuiteRunnerWorker.run(SuiteRunnerWorker.java:84)
	at org.testng.TestNG.runSuitesSequentially(TestNG.java:1208)
	at org.testng.TestNG.runSuitesLocally(TestNG.java:1137)
	at org.testng.TestNG.runSuites(TestNG.java:1049)
	at org.testng.TestNG.run(TestNG.java:1017)
	at org.testng.remote.AbstractRemoteTestNG.run(AbstractRemoteTestNG.java:115)
	at org.testng.remote.RemoteTestNG.initAndRun(RemoteTestNG.java:251)
	at org.testng.remote.RemoteTestNG.main(RemoteTestNG.java:77)
</pre></div></td>
<td>0</td>
<td>basictestng.Actitime_ExceptionAndTimeout@7c0c77c7</td></tr>
<tr>
<td title='basictestng.Actitime_ExceptionAndTimeout.executetimeOut()'><b>executetimeOut</b><br>Test class: basictestng.Actitime_ExceptionAndTimeout</td>
<td></td>
<td>0</td>
<td>basictestng.Actitime_ExceptionAndTimeout@7c0c77c7</td></tr>
<tr>
<td title='basictestng.AnnotationList.f5()'><b>f5</b><br>Test class: basictestng.AnnotationList</td>
<td></td>
<td>0</td>
<td>basictestng.AnnotationList@4b5a5ed1</td></tr>
<tr>
<td title='basictestng.Sample3.login()'><b>login</b><br>Test class: basictestng.Sample3</td>
<td></td>
<td>0</td>
<td>basictestng.Sample3@1534f01b</td></tr>
<tr>
<td title='basictestng.Actitime_DependsOn.logoutClose()'><b>logoutClose</b><br>Test class: basictestng.Actitime_DependsOn</td>
<td></td>
<td>0</td>
<td>basictestng.Actitime_DependsOn@60d8c9b7</td></tr>
<tr>
<td title='basictestng.Actitime_Enabled.openBrowserAndAppURL()'><b>openBrowserAndAppURL</b><br>Test class: basictestng.Actitime_Enabled</td>
<td></td>
<td>0</td>
<td>basictestng.Actitime_Enabled@48aaecc3</td></tr>
<tr>
<td title='basictestng.Actitime_InvocationCount.openBrowserAndAppURL()'><b>openBrowserAndAppURL</b><br>Test class: basictestng.Actitime_InvocationCount</td>
<td></td>
<td>0</td>
<td>basictestng.Actitime_InvocationCount@7adda9cc</td></tr>
<tr>
<td title='basictestng.Actitime_InvocationCount.openBrowserAndAppURL()'><b>openBrowserAndAppURL</b><br>Test class: basictestng.Actitime_InvocationCount</td>
<td></td>
<td>0</td>
<td>basictestng.Actitime_InvocationCount@7adda9cc</td></tr>
<tr>
<td title='basictestng.Actitime_InvocationCount.openBrowserAndAppURL()'><b>openBrowserAndAppURL</b><br>Test class: basictestng.Actitime_InvocationCount</td>
<td></td>
<td>0</td>
<td>basictestng.Actitime_InvocationCount@7adda9cc</td></tr>
<tr>
<td title='basictestng.Actitime_InvocationCount.openBrowserAndAppURL()'><b>openBrowserAndAppURL</b><br>Test class: basictestng.Actitime_InvocationCount</td>
<td></td>
<td>0</td>
<td>basictestng.Actitime_InvocationCount@7adda9cc</td></tr>
<tr>
<td title='basictestng.Actitime_InvocationCount.openBrowserAndAppURL()'><b>openBrowserAndAppURL</b><br>Test class: basictestng.Actitime_InvocationCount</td>
<td></td>
<td>0</td>
<td>basictestng.Actitime_InvocationCount@7adda9cc</td></tr>
<tr>
<td title='basictestng.Sample3.signUp()'><b>signUp</b><br>Test class: basictestng.Sample3</td>
<td></td>
<td>0</td>
<td>basictestng.Sample3@1534f01b</td></tr>
<tr>
<td title='basictestng.Annotations.taskCreation()'><b>taskCreation</b><br>Test class: basictestng.Annotations</td>
<td></td>
<td>0</td>
<td>basictestng.Annotations@59d016c9</td></tr>
<tr>
<td title='basictestng.ClassLabelAnnotations.testCase1()'><b>testCase1</b><br>Test class: basictestng.ClassLabelAnnotations</td>
<td></td>
<td>0</td>
<td>basictestng.ClassLabelAnnotations@4b14c583</td></tr>
<tr>
<td title='basictestng.Sample1.testCase1()'><b>testCase1</b><br>Test class: basictestng.Sample1</td>
<td></td>
<td>0</td>
<td>basictestng.Sample1@65466a6a</td></tr>
<tr>
<td title='basictestng.Sample2.testCase1()'><b>testCase1</b><br>Test class: basictestng.Sample2</td>
<td></td>
<td>0</td>
<td>basictestng.Sample2@4ddced80</td></tr>
<tr>
<td title='basictestng.ClassLabelAnnotations.testCase2()'><b>testCase2</b><br>Test class: basictestng.ClassLabelAnnotations</td>
<td></td>
<td>0</td>
<td>basictestng.ClassLabelAnnotations@4b14c583</td></tr>
<tr>
<td title='basictestng.Sample2.testCase2()'><b>testCase2</b><br>Test class: basictestng.Sample2</td>
<td></td>
<td>0</td>
<td>basictestng.Sample2@4ddced80</td></tr>
<tr>
<td title='basictestng.ClassLabelAnnotations.testCase3()'><b>testCase3</b><br>Test class: basictestng.ClassLabelAnnotations</td>
<td></td>
<td>0</td>
<td>basictestng.ClassLabelAnnotations@4b14c583</td></tr>
<tr>
<td title='basictestng.Sample2.testCase3()'><b>testCase3</b><br>Test class: basictestng.Sample2</td>
<td></td>
<td>0</td>
<td>basictestng.Sample2@4ddced80</td></tr>
<tr>
<td title='basictestng.ClassLabelAnnotations.testCase4()'><b>testCase4</b><br>Test class: basictestng.ClassLabelAnnotations</td>
<td></td>
<td>0</td>
<td>basictestng.ClassLabelAnnotations@4b14c583</td></tr>
<tr>
<td title='basictestng.TestCaseDependency.testGoogleLandingPage()'><b>testGoogleLandingPage</b><br>Test class: basictestng.TestCaseDependency</td>
<td></td>
<td>0</td>
<td>basictestng.TestCaseDependency@20d28811</td></tr>
</table><p>
<table width='100%' border='1' class='invocation-skipped'>
<tr><td colspan='4' align='center'><b>SKIPPED TESTS</b></td></tr>
<tr><td><b>Test method</b></td>
<td width="30%"><b>Exception</b></td>
<td width="10%"><b>Time (seconds)</b></td>
<td><b>Instance</b></td>
</tr>
<tr>
<td title='basictestng.Actitime_DependsOn.login()'><b>login</b><br>Test class: basictestng.Actitime_DependsOn</td>
<td><div><pre>java.lang.Throwable: Method Actitime_DependsOn.login()[pri:0, instance:basictestng.Actitime_DependsOn@60d8c9b7] depends on not successfully finished methods
... Removed 18 stack frames</pre></div><a href='#' onClick='toggleBox("stack-trace2077662850", this, "Click to show all stack frames", "Click to hide stack frames")'>Click to show all stack frames</a>
<div class='stack-trace' id='stack-trace2077662850'><pre>java.lang.Throwable: Method Actitime_DependsOn.login()[pri:0, instance:basictestng.Actitime_DependsOn@60d8c9b7] depends on not successfully finished methods
	at org.testng.internal.Invoker.invokeTestMethods(Invoker.java:888)
	at org.testng.internal.TestMethodWorker.invokeTestMethods(TestMethodWorker.java:125)
	at org.testng.internal.TestMethodWorker.run(TestMethodWorker.java:109)
	at org.testng.TestRunner.privateRun(TestRunner.java:648)
	at org.testng.TestRunner.run(TestRunner.java:505)
	at org.testng.SuiteRunner.runTest(SuiteRunner.java:455)
	at org.testng.SuiteRunner.runSequentially(SuiteRunner.java:450)
	at org.testng.SuiteRunner.privateRun(SuiteRunner.java:415)
	at org.testng.SuiteRunner.run(SuiteRunner.java:364)
	at org.testng.SuiteRunnerWorker.runSuite(SuiteRunnerWorker.java:52)
	at org.testng.SuiteRunnerWorker.run(SuiteRunnerWorker.java:84)
	at org.testng.TestNG.runSuitesSequentially(TestNG.java:1208)
	at org.testng.TestNG.runSuitesLocally(TestNG.java:1137)
	at org.testng.TestNG.runSuites(TestNG.java:1049)
	at org.testng.TestNG.run(TestNG.java:1017)
	at org.testng.remote.AbstractRemoteTestNG.run(AbstractRemoteTestNG.java:115)
	at org.testng.remote.RemoteTestNG.initAndRun(RemoteTestNG.java:251)
	at org.testng.remote.RemoteTestNG.main(RemoteTestNG.java:77)
</pre></div></td>
<td>0</td>
<td>null</td></tr>
</table><p>
</body>
</html>